#
# There is insufficient memory for the Java Runtime Environment to continue.
# Cannot create worker GC thread. Out of system resources.
# Possible reasons:
#   The system is out of physical RAM or swap space
#   This process is running with CompressedOops enabled, and the Java Heap may be blocking the growth of the native heap
# Possible solutions:
#   Reduce memory load on the system
#   Increase physical memory or swap space
#   Check if swap backing store is full
#   Decrease Java heap size (-Xmx/-Xms)
#   Decrease number of Java threads
#   Decrease Java thread stack sizes (-Xss)
#   Set larger code cache with -XX:ReservedCodeCacheSize=
#   JVM is running with Unscaled Compressed Oops mode in which the Java heap is
#     placed in the first 4GB address space. The Java Heap base address is the
#     maximum limit for the native heap growth. Please use -XX:HeapBaseMinAddress
#     to set the Java Heap base and to place the Java Heap above 4GB virtual address.
# This output file may be truncated or incomplete.
#
#  Out of Memory Error (workerManager.hpp:87), pid=80733, tid=80735
#
# JRE version:  (17.0.13+11) (build )
# Java VM: OpenJDK 64-Bit Server VM (17.0.13+11-Ubuntu-2ubuntu122.04, mixed mode, emulated-client, sharing, tiered, compressed oops, compressed class ptrs, g1 gc, linux-amd64)
# Core dump will be written. Default location: Core dumps may be processed with "/usr/share/apport/apport -p%p -s%s -c%c -d%d -P%P -u%u -g%g -- %E" (or dumping to /home/training5/myspring/PostonTwitter/core.80733)
#

---------------  S U M M A R Y ------------

Command Line: -Dcom.sun.management.jmxremote -Dcom.sun.management.jmxremote.port=40997 -Dcom.sun.management.jmxremote.authenticate=false -Dcom.sun.management.jmxremote.ssl=false -Djava.rmi.server.hostname=localhost -Dspring.jmx.enabled=true -Dmanagement.endpoints.jmx.exposure.include=* -Dspring.application.admin.enabled=true -Djava.security.egd=file:/dev/./urandom -XX:TieredStopAtLevel=1 -Dspring.boot.project.name=PostonTwitter -Dfile.encoding=UTF-8 -Dstdout.encoding=UTF-8 -Dstderr.encoding=UTF-8 -XX:+ShowCodeDetailsInExceptionMessages com.cms.PostonTwitterApplication --spring.output.ansi.enabled=always

Host: Intel(R) Core(TM) i9-14900K, 16 cores, 8G, Ubuntu 22.04.3 LTS
Time: Mon Jan 20 11:49:13 2025 UTC elapsed time: 0.104703 seconds (0d 0h 0m 0s)

---------------  T H R E A D  ---------------

Current thread (0x0000717da401ab20):  JavaThread "Unknown thread" [_thread_in_vm, id=80735, stack(0x0000717da88cf000,0x0000717da89cf000)]

Stack: [0x0000717da88cf000,0x0000717da89cf000],  sp=0x0000717da89cd570,  free space=1017k
Native frames: (J=compiled Java code, j=interpreted, Vv=VM code, C=native code)
V  [libjvm.so+0xfa4615]  VMError::report_and_die(int, char const*, char const*, __va_list_tag*, Thread*, unsigned char*, void*, void*, char const*, int, unsigned long)+0x1a5
V  [libjvm.so+0xfa51f1]  VMError::report_and_die(Thread*, char const*, int, unsigned long, VMErrorType, char const*, __va_list_tag*)+0x31
V  [libjvm.so+0x62dd32]  report_vm_out_of_memory(char const*, int, unsigned long, VMErrorType, char const*, ...)+0xf2
V  [libjvm.so+0xfdbd0c]  WorkerManager::add_workers(WorkGang*, unsigned int, unsigned int, unsigned int, os::ThreadType, bool)+0x15c
V  [libjvm.so+0xfdbeed]  WorkGang::initialize_workers()+0x4d
V  [libjvm.so+0x71acf1]  G1CollectedHeap::initialize()+0x6d1
V  [libjvm.so+0xf4dd67]  universe_init()+0xe7
V  [libjvm.so+0x8375fb]  init_globals()+0x3b
V  [libjvm.so+0xf22ff1]  Threads::create_vm(JavaVMInitArgs*, bool*)+0x381
V  [libjvm.so+0x900b25]  JNI_CreateJavaVM+0x65
C  [libjli.so+0x3dd0]  JavaMain+0xa0
C  [libjli.so+0x81bd]  ThreadJavaMain+0xd


---------------  P R O C E S S  ---------------

Threads class SMR info:
_java_thread_list=0x0000717daa0ee4a0, length=0, elements={
}

Java Threads: ( => current thread )

Other Threads:

[error occurred during error reporting (printing all threads), id 0xb, SIGSEGV (0xb) at pc=0x0000717da9429c34]

VM state: not at safepoint (not fully initialized)

VM Mutex/Monitor currently owned by a thread:  ([mutex/lock_event])
[0x0000717da4018490] Heap_lock - owner thread: 0x0000717da401ab20

Heap address: 0x0000000080000000, size: 2048 MB, Compressed Oops mode: 32-bit

CDS archive(s) mapped at: [0x0000000000000000-0x0000000000000000-0x0000000000000000), size 0, SharedBaseAddress: 0x0000000800000000, ArchiveRelocationMode: 1.
Narrow klass base: 0x0000000000000000, Narrow klass shift: 0, Narrow klass range: 0x0

GC Precious Log:
<Empty>

Heap:
 garbage-first heap   total 0K, used 0K [0x0000000080000000, 0x0000000100000000)
  region size 1024K, 0 young (0K), 0 survivors (0K)

[error occurred during error reporting (printing heap information), id 0xb, SIGSEGV (0xb) at pc=0x0000717da9a462ee]

GC Heap History (0 events):
No events

Dll operation events (1 events):
Event: 0.004 Loaded shared library /usr/lib/jvm/java-17-openjdk-amd64/lib/libjava.so

Deoptimization events (0 events):
No events

Classes loaded (0 events):
No events

Classes unloaded (0 events):
No events

Classes redefined (0 events):
No events

Internal exceptions (0 events):
No events

VM Operations (0 events):
No events

Memory protections (1 events):
Event: 0.004 Protecting memory [0x0000717da88cf000,0x0000717da88d3000] with protection modes 0

Nmethod flushes (0 events):
No events

Events (0 events):
No events


Dynamic libraries:
80000000-100000000 ---p 00000000 00:00 0 
5fd202bef000-5fd202bf0000 r--p 00000000 00:f90 22463256                  /usr/lib/jvm/java-17-openjdk-amd64/bin/java
5fd202bf0000-5fd202bf1000 r-xp 00001000 00:f90 22463256                  /usr/lib/jvm/java-17-openjdk-amd64/bin/java
5fd202bf1000-5fd202bf2000 r--p 00002000 00:f90 22463256                  /usr/lib/jvm/java-17-openjdk-amd64/bin/java
5fd202bf2000-5fd202bf3000 r--p 00002000 00:f90 22463256                  /usr/lib/jvm/java-17-openjdk-amd64/bin/java
5fd202bf3000-5fd202bf4000 rw-p 00003000 00:f90 22463256                  /usr/lib/jvm/java-17-openjdk-amd64/bin/java
5fd226bfd000-5fd226c46000 rw-p 00000000 00:00 0                          [heap]
717d93e00000-717d9408e000 rw-p 00000000 00:00 0 
717d940ac000-717d94200000 rw-p 00000000 00:00 0 
717d94200000-717d98e00000 ---p 00000000 00:00 0 
717d98e36000-717d98e37000 ---p 00000000 00:00 0 
717d98e37000-717d98f37000 rw-p 00000000 00:00 0 
717d98f37000-717d99400000 rw-p 00000000 00:00 0 
717d99400000-717d99670000 rwxp 00000000 00:00 0 
717d99670000-717d9c400000 ---p 00000000 00:00 0 
717d9c464000-717d9c565000 rw-p 00000000 00:00 0 
717d9c565000-717da4000000 r--s 00000000 00:f90 22463413                  /usr/lib/jvm/java-17-openjdk-amd64/lib/modules
717da4000000-717da4065000 rw-p 00000000 00:00 0 
717da4065000-717da8000000 ---p 00000000 00:00 0 
717da800a000-717da8838000 rw-p 00000000 00:00 0 
717da8838000-717da8893000 ---p 00000000 00:00 0 
717da8893000-717da889f000 r--p 00000000 00:f90 22463391                  /usr/lib/jvm/java-17-openjdk-amd64/lib/libjava.so
717da889f000-717da88b3000 r-xp 0000c000 00:f90 22463391                  /usr/lib/jvm/java-17-openjdk-amd64/lib/libjava.so
717da88b3000-717da88b9000 r--p 00020000 00:f90 22463391                  /usr/lib/jvm/java-17-openjdk-amd64/lib/libjava.so
717da88b9000-717da88ba000 r--p 00025000 00:f90 22463391                  /usr/lib/jvm/java-17-openjdk-amd64/lib/libjava.so
717da88ba000-717da88bb000 rw-p 00026000 00:f90 22463391                  /usr/lib/jvm/java-17-openjdk-amd64/lib/libjava.so
717da88bb000-717da88bc000 rw-p 00000000 00:00 0 
717da88bc000-717da88c4000 rw-s 00000000 00:f90 6729395                   /tmp/hsperfdata_training5/80733
717da88c4000-717da88c5000 ---p 00000000 00:00 0 
717da88c5000-717da88c6000 r--p 00000000 00:00 0 
717da88c6000-717da88c8000 r--p 00000000 00:f90 22463394                  /usr/lib/jvm/java-17-openjdk-amd64/lib/libjimage.so
717da88c8000-717da88cb000 r-xp 00002000 00:f90 22463394                  /usr/lib/jvm/java-17-openjdk-amd64/lib/libjimage.so
717da88cb000-717da88cc000 r--p 00005000 00:f90 22463394                  /usr/lib/jvm/java-17-openjdk-amd64/lib/libjimage.so
717da88cc000-717da88cd000 ---p 00006000 00:f90 22463394                  /usr/lib/jvm/java-17-openjdk-amd64/lib/libjimage.so
717da88cd000-717da88ce000 r--p 00006000 00:f90 22463394                  /usr/lib/jvm/java-17-openjdk-amd64/lib/libjimage.so
717da88ce000-717da88cf000 rw-p 00007000 00:f90 22463394                  /usr/lib/jvm/java-17-openjdk-amd64/lib/libjimage.so
717da88cf000-717da88d3000 ---p 00000000 00:00 0 
717da88d3000-717da89cf000 rw-p 00000000 00:00 0 
717da89cf000-717da89d2000 r--p 00000000 00:f90 38826597                  /usr/lib/x86_64-linux-gnu/libgcc_s.so.1
717da89d2000-717da89e9000 r-xp 00003000 00:f90 38826597                  /usr/lib/x86_64-linux-gnu/libgcc_s.so.1
717da89e9000-717da89ed000 r--p 0001a000 00:f90 38826597                  /usr/lib/x86_64-linux-gnu/libgcc_s.so.1
717da89ed000-717da89ee000 r--p 0001d000 00:f90 38826597                  /usr/lib/x86_64-linux-gnu/libgcc_s.so.1
717da89ee000-717da89ef000 rw-p 0001e000 00:f90 38826597                  /usr/lib/x86_64-linux-gnu/libgcc_s.so.1
717da89ef000-717da89fd000 r--p 00000000 00:f90 22201596                  /usr/lib/x86_64-linux-gnu/libm.so.6
717da89fd000-717da8a79000 r-xp 0000e000 00:f90 22201596                  /usr/lib/x86_64-linux-gnu/libm.so.6
717da8a79000-717da8ad4000 r--p 0008a000 00:f90 22201596                  /usr/lib/x86_64-linux-gnu/libm.so.6
717da8ad4000-717da8ad5000 r--p 000e4000 00:f90 22201596                  /usr/lib/x86_64-linux-gnu/libm.so.6
717da8ad5000-717da8ad6000 rw-p 000e5000 00:f90 22201596                  /usr/lib/x86_64-linux-gnu/libm.so.6
717da8ad6000-717da8b70000 r--p 00000000 00:f90 38827122                  /usr/lib/x86_64-linux-gnu/libstdc++.so.6.0.30
717da8b70000-717da8c81000 r-xp 0009a000 00:f90 38827122                  /usr/lib/x86_64-linux-gnu/libstdc++.so.6.0.30
717da8c81000-717da8cf0000 r--p 001ab000 00:f90 38827122                  /usr/lib/x86_64-linux-gnu/libstdc++.so.6.0.30
717da8cf0000-717da8cf1000 ---p 0021a000 00:f90 38827122                  /usr/lib/x86_64-linux-gnu/libstdc++.so.6.0.30
717da8cf1000-717da8cfc000 r--p 0021a000 00:f90 38827122                  /usr/lib/x86_64-linux-gnu/libstdc++.so.6.0.30
717da8cfc000-717da8cff000 rw-p 00225000 00:f90 38827122                  /usr/lib/x86_64-linux-gnu/libstdc++.so.6.0.30
717da8cff000-717da8d02000 rw-p 00000000 00:00 0 
717da8d02000-717da8f53000 r--p 00000000 00:f90 22463419                  /usr/lib/jvm/java-17-openjdk-amd64/lib/server/libjvm.so
717da8f53000-717da9d2e000 r-xp 00251000 00:f90 22463419                  /usr/lib/jvm/java-17-openjdk-amd64/lib/server/libjvm.so
717da9d2e000-717da9fb0000 r--p 0102c000 00:f90 22463419                  /usr/lib/jvm/java-17-openjdk-amd64/lib/server/libjvm.so
717da9fb0000-717da9fb1000 ---p 012ae000 00:f90 22463419                  /usr/lib/jvm/java-17-openjdk-amd64/lib/server/libjvm.so
717da9fb1000-717daa069000 r--p 012ae000 00:f90 22463419                  /usr/lib/jvm/java-17-openjdk-amd64/lib/server/libjvm.so
717daa069000-717daa09e000 rw-p 01366000 00:f90 22463419                  /usr/lib/jvm/java-17-openjdk-amd64/lib/server/libjvm.so
717daa09e000-717daa0fa000 rw-p 00000000 00:00 0 
717daa0fa000-717daa122000 r--p 00000000 00:f90 22201583                  /usr/lib/x86_64-linux-gnu/libc.so.6
717daa122000-717daa2b7000 r-xp 00028000 00:f90 22201583                  /usr/lib/x86_64-linux-gnu/libc.so.6
717daa2b7000-717daa30f000 r--p 001bd000 00:f90 22201583                  /usr/lib/x86_64-linux-gnu/libc.so.6
717daa30f000-717daa310000 ---p 00215000 00:f90 22201583                  /usr/lib/x86_64-linux-gnu/libc.so.6
717daa310000-717daa314000 r--p 00215000 00:f90 22201583                  /usr/lib/x86_64-linux-gnu/libc.so.6
717daa314000-717daa316000 rw-p 00219000 00:f90 22201583                  /usr/lib/x86_64-linux-gnu/libc.so.6
717daa316000-717daa323000 rw-p 00000000 00:00 0 
717daa323000-717daa325000 r--p 00000000 00:f90 22463395                  /usr/lib/jvm/java-17-openjdk-amd64/lib/libjli.so
717daa325000-717daa32f000 r-xp 00002000 00:f90 22463395                  /usr/lib/jvm/java-17-openjdk-amd64/lib/libjli.so
717daa32f000-717daa332000 r--p 0000c000 00:f90 22463395                  /usr/lib/jvm/java-17-openjdk-amd64/lib/libjli.so
717daa332000-717daa333000 r--p 0000e000 00:f90 22463395                  /usr/lib/jvm/java-17-openjdk-amd64/lib/libjli.so
717daa333000-717daa334000 rw-p 0000f000 00:f90 22463395                  /usr/lib/jvm/java-17-openjdk-amd64/lib/libjli.so
717daa334000-717daa336000 r--p 00000000 00:f90 38827302                  /usr/lib/x86_64-linux-gnu/libz.so.1.2.11
717daa336000-717daa347000 r-xp 00002000 00:f90 38827302                  /usr/lib/x86_64-linux-gnu/libz.so.1.2.11
717daa347000-717daa34d000 r--p 00013000 00:f90 38827302                  /usr/lib/x86_64-linux-gnu/libz.so.1.2.11
717daa34d000-717daa34e000 ---p 00019000 00:f90 38827302                  /usr/lib/x86_64-linux-gnu/libz.so.1.2.11
717daa34e000-717daa34f000 r--p 00019000 00:f90 38827302                  /usr/lib/x86_64-linux-gnu/libz.so.1.2.11
717daa34f000-717daa350000 rw-p 0001a000 00:f90 38827302                  /usr/lib/x86_64-linux-gnu/libz.so.1.2.11
717daa350000-717daa352000 rw-p 00000000 00:00 0 
717daa352000-717daa354000 r--p 00000000 00:f90 22201570                  /usr/lib/x86_64-linux-gnu/ld-linux-x86-64.so.2
717daa354000-717daa37e000 r-xp 00002000 00:f90 22201570                  /usr/lib/x86_64-linux-gnu/ld-linux-x86-64.so.2
717daa37e000-717daa389000 r--p 0002c000 00:f90 22201570                  /usr/lib/x86_64-linux-gnu/ld-linux-x86-64.so.2
717daa389000-717daa38a000 ---p 00000000 00:00 0 
717daa38a000-717daa38c000 r--p 00037000 00:f90 22201570                  /usr/lib/x86_64-linux-gnu/ld-linux-x86-64.so.2
717daa38c000-717daa38e000 rw-p 00039000 00:f90 22201570                  /usr/lib/x86_64-linux-gnu/ld-linux-x86-64.so.2
7ffd9c3a3000-7ffd9c3c6000 rw-p 00000000 00:00 0                          [stack]
7ffd9c3f2000-7ffd9c3f6000 r--p 00000000 00:00 0                          [vvar]
7ffd9c3f6000-7ffd9c3f8000 r-xp 00000000 00:00 0                          [vdso]
ffffffffff600000-ffffffffff601000 --xp 00000000 00:00 0                  [vsyscall]


VM Arguments:
jvm_args: -Dcom.sun.management.jmxremote -Dcom.sun.management.jmxremote.port=40997 -Dcom.sun.management.jmxremote.authenticate=false -Dcom.sun.management.jmxremote.ssl=false -Djava.rmi.server.hostname=localhost -Dspring.jmx.enabled=true -Dmanagement.endpoints.jmx.exposure.include=* -Dspring.application.admin.enabled=true -Djava.security.egd=file:/dev/./urandom -XX:TieredStopAtLevel=1 -Dspring.boot.project.name=PostonTwitter -Dfile.encoding=UTF-8 -Dstdout.encoding=UTF-8 -Dstderr.encoding=UTF-8 -XX:+ShowCodeDetailsInExceptionMessages 
java_command: com.cms.PostonTwitterApplication --spring.output.ansi.enabled=always
java_class_path (initial): /home/training5/myspring/PostonTwitter/target/classes:/home/training5/.m2/repository/org/springframework/boot/spring-boot-starter-data-jpa/3.4.1/spring-boot-starter-data-jpa-3.4.1.jar:/home/training5/.m2/repository/org/springframework/boot/spring-boot-starter/3.4.1/spring-boot-starter-3.4.1.jar:/home/training5/.m2/repository/org/springframework/boot/spring-boot-starter-logging/3.4.1/spring-boot-starter-logging-3.4.1.jar:/home/training5/.m2/repository/ch/qos/logback/logback-classic/1.5.12/logback-classic-1.5.12.jar:/home/training5/.m2/repository/ch/qos/logback/logback-core/1.5.12/logback-core-1.5.12.jar:/home/training5/.m2/repository/org/apache/logging/log4j/log4j-to-slf4j/2.24.3/log4j-to-slf4j-2.24.3.jar:/home/training5/.m2/repository/org/apache/logging/log4j/log4j-api/2.24.3/log4j-api-2.24.3.jar:/home/training5/.m2/repository/org/slf4j/jul-to-slf4j/2.0.16/jul-to-slf4j-2.0.16.jar:/home/training5/.m2/repository/jakarta/annotation/jakarta.annotation-api/2.1.1/jakarta.annotation-api-2.1.1.jar:/home/training5/.m2/repository/org/yaml/snakeyaml/2.3/snakeyaml-2.3.jar:/home/training5/.m2/repository/org/springframework/boot/spring-boot-starter-jdbc/3.4.1/spring-boot-starter-jdbc-3.4.1.jar:/home/training5/.m2/repository/com/zaxxer/HikariCP/5.1.0/HikariCP-5.1.0.jar:/home/training5/.m2/repository/org/springframework/spring-jdbc/6.2.1/spring-jdbc-6.2.1.jar:/home/training5/.m2/repository/org/hibernate/orm/hibernate-core/6.6.4.Final/hibernate-core-6.6.4.Final.jar:/home/training5/.m2/repository/jakarta/persistence/jakarta.persistence-api/3.1.0/jakarta.persistence-api-3.1.0.jar:/home/training5/.m2/repository/jakarta/transaction/jakarta.transaction-api/2.0.1/jakarta.transaction-api-2.0.1.jar:/home/training5/.m2/repository/org/jboss/logging/jboss-logging/3.6.1.Final/jboss-logging-3.6.1.Final.jar:/home/training5/.m2/repository/org/hibernate/common/hibernate-commons-annotations/7.0.3.Final/hibernate-commons-annotations-7.0.3.Final.jar:/home/training5/.m2/rep
Launcher Type: SUN_STANDARD

[Global flags]
     intx CICompilerCount                          = 12                                        {product} {ergonomic}
     uint ConcGCThreads                            = 3                                         {product} {ergonomic}
     uint G1ConcRefinementThreads                  = 13                                        {product} {ergonomic}
   size_t G1HeapRegionSize                         = 1048576                                   {product} {ergonomic}
    uintx GCDrainStackTargetSize                   = 64                                        {product} {ergonomic}
   size_t InitialHeapSize                          = 134217728                                 {product} {ergonomic}
     bool ManagementServer                         = true                                      {product} {command line}
   size_t MarkStackSize                            = 4194304                                   {product} {ergonomic}
   size_t MaxHeapSize                              = 2147483648                                {product} {ergonomic}
   size_t MinHeapDeltaBytes                        = 1048576                                   {product} {ergonomic}
   size_t MinHeapSize                              = 8388608                                   {product} {ergonomic}
    uintx NonProfiledCodeHeapSize                  = 0                                      {pd product} {ergonomic}
     bool ProfileInterpreter                       = false                                  {pd product} {command line}
    uintx ProfiledCodeHeapSize                     = 0                                      {pd product} {ergonomic}
     bool ShowCodeDetailsInExceptionMessages       = true                                   {manageable} {command line}
   size_t SoftMaxHeapSize                          = 2147483648                             {manageable} {ergonomic}
     intx TieredStopAtLevel                        = 1                                         {product} {command line}
     bool UseCompressedClassPointers               = true                           {product lp64_product} {ergonomic}
     bool UseCompressedOops                        = true                           {product lp64_product} {ergonomic}
     bool UseG1GC                                  = true                                      {product} {ergonomic}

Logging:
Log output configuration:
 #0: stdout all=warning uptime,level,tags
 #1: stderr all=off uptime,level,tags

Environment Variables:
PATH=/home/training5/.nvm/versions/node/v22.13.0/bin:/home/training5/.local/share/fnm:/usr/local/sbin:/usr/local/bin:/usr/sbin:/usr/bin:/sbin:/bin:/usr/games:/usr/local/games:/snap/bin
LD_LIBRARY_PATH=/usr/lib/x86_64-linux-gnu:/usr/lib/i386-linux-gnu:/usr/local/nvidia/lib:/usr/local/nvidia/lib64
SHELL=/bin/bash
DISPLAY=:1.0
LANG=en_US.UTF-8
LC_ALL=en_US.UTF-8
TERM=screen
TZ=Etc/UTC

Active Locale:
LC_ALL=C
LC_COLLATE=C
LC_CTYPE=C
LC_MESSAGES=C
LC_MONETARY=C
LC_NUMERIC=C
LC_TIME=C

Signal Handlers:
   SIGSEGV: crash_handler in libjvm.so, mask=11100100010111111101111111111110, flags=SA_RESTART|SA_SIGINFO, unblocked
    SIGBUS: crash_handler in libjvm.so, mask=11100100010111111101111111111110, flags=SA_RESTART|SA_SIGINFO, unblocked
    SIGFPE: crash_handler in libjvm.so, mask=11100100010111111101111111111110, flags=SA_RESTART|SA_SIGINFO, unblocked
   SIGPIPE: javaSignalHandler in libjvm.so, mask=11100100010111111101111111111110, flags=SA_RESTART|SA_SIGINFO, blocked
   SIGXFSZ: javaSignalHandler in libjvm.so, mask=11100100010111111101111111111110, flags=SA_RESTART|SA_SIGINFO, blocked
    SIGILL: crash_handler in libjvm.so, mask=11100100010111111101111111111110, flags=SA_RESTART|SA_SIGINFO, unblocked
   SIGUSR2: SR_handler in libjvm.so, mask=00000000000000000000000000000000, flags=SA_RESTART|SA_SIGINFO, blocked
    SIGHUP: SIG_DFL, mask=00000000000000000000000000000000, flags=none, blocked
    SIGINT: SIG_DFL, mask=00000000000000000000000000000000, flags=none, blocked
   SIGTERM: SIG_DFL, mask=00000000000000000000000000000000, flags=none, blocked
   SIGQUIT: UserHandler in libjvm.so, mask=11100100010111111101111111111110, flags=SA_RESTART|SA_SIGINFO, blocked
   SIGTRAP: crash_handler in libjvm.so, mask=11100100010111111101111111111110, flags=SA_RESTART|SA_SIGINFO, unblocked


Periodic native trim disabled


---------------  S Y S T E M  ---------------

OS:
DISTRIB_ID=Ubuntu
DISTRIB_RELEASE=22.04
DISTRIB_CODENAME=jammy
DISTRIB_DESCRIPTION="Ubuntu 22.04.3 LTS"
uname: Linux 6.8.0-51-generic #52-Ubuntu SMP PREEMPT_DYNAMIC Thu Dec  5 13:09:44 UTC 2024 x86_64
OS uptime: 5 days 0:13 hours
libc: glibc 2.35 NPTL 2.35 
rlimit (soft/hard): STACK 8192k/infinity , CORE infinity/infinity , NPROC infinity/infinity , NOFILE 1048576/1048576 , AS infinity/infinity , CPU infinity/infinity , DATA infinity/infinity , FSIZE infinity/infinity , MEMLOCK 8192k/8192k
load average: 9.39 9.72 9.19

/proc/meminfo:
MemTotal:       81390756 kB
MemFree:         4220604 kB
MemAvailable:   21635436 kB
Buffers:          506368 kB
Cached:         11497504 kB
SwapCached:      2277188 kB
Active:         36230248 kB
Inactive:       23294924 kB
Active(anon):   32690256 kB
Inactive(anon): 15851716 kB
Active(file):    3539992 kB
Inactive(file):  7443208 kB
Unevictable:      525396 kB
Mlocked:           27836 kB
SwapTotal:      125829116 kB
SwapFree:       65705220 kB
Zswap:                 0 kB
Zswapped:              0 kB
Dirty:            562404 kB
Writeback:             0 kB
AnonPages:      47515140 kB
Mapped:          2822488 kB
Shmem:           1012296 kB
KReclaimable:    7289076 kB
Slab:           12468432 kB
SReclaimable:    7289076 kB
SUnreclaim:      5179356 kB
KernelStack:      816480 kB
PageTables:      2632260 kB
SecPageTables:         0 kB
NFS_Unstable:          0 kB
Bounce:                0 kB
WritebackTmp:          0 kB
CommitLimit:    166524492 kB
Committed_AS:   517875856 kB
VmallocTotal:   34359738367 kB
VmallocUsed:      949288 kB
VmallocChunk:          0 kB
Percpu:           260416 kB
HardwareCorrupted:     0 kB
AnonHugePages:         0 kB
ShmemHugePages:        0 kB
ShmemPmdMapped:        0 kB
FileHugePages:     32768 kB
FilePmdMapped:         0 kB
Unaccepted:            0 kB
HugePages_Total:       0
HugePages_Free:        0
HugePages_Rsvd:        0
HugePages_Surp:        0
Hugepagesize:       2048 kB
Hugetlb:               0 kB
DirectMap4k:     4831084 kB
DirectMap2M:    75991040 kB
DirectMap1G:     4194304 kB

/sys/kernel/mm/transparent_hugepage/enabled: always [madvise] never
/sys/kernel/mm/transparent_hugepage/hpage_pmd_size: 2097152
/sys/kernel/mm/transparent_hugepage/defrag (defrag/compaction efforts parameter): always defer defer+madvise [madv
Process Memory:
Virtual Size: 2462988K (peak: 2462988K)
Resident Set Size: 18560K (peak: 18560K) (anon: 5760K, file: 12800K, shmem: 0K)
Swapped out: 0K
C-Heap outstanding allocations: 18057K, retained: 130K
glibc malloc tunables: (default)

/proc/sys/kernel/threads-max (system-wide limit on the number of threads): 634926
/proc/sys/vm/max_map_count (maximum number of memory map areas a process may have): 2677720
/proc/sys/vm/swappiness (control to define how aggressively the kernel swaps out anonymous memory): 60
/proc/sys/kernel/pid_max (system-wide limit on number of process identifiers): 4194304

container (cgroup) information:
container_type: cgroupv1
cpu_cpuset_cpus: 0-15
cpu_memory_nodes: 0
active_processor_count: 16
cpu_quota: no quota
cpu_period: 100000
cpu_shares: no shares
memory_limit_in_bytes: 8388608 k
memory_and_swap_limit_in_bytes: 16777216 k
memory_soft_limit_in_bytes: unlimited
memory_usage_in_bytes: 5985392 k
memory_max_usage_in_bytes: 6078332 k
kernel_memory_usage_in_bytes: 127048 k
kernel_memory_max_usage_in_bytes: unlimited
kernel_memory_limit_in_bytes: 130204 k
maximum number of tasks: unlimited
current number of tasks: 887

KVM virtualization detected
Steal ticks since vm start: 2
Steal ticks percentage since vm start:  0.008

CPU: total 16 (initial active 16) (1 cores per cpu, 1 threads per core) family 6 model 183 stepping 1 microcode 0x129, cx8, cmov, fxsr, mmx, 3dnowpref, sse, sse2, sse3, ssse3, sse4.1, sse4.2, popcnt, lzcnt, tsc, avx, avx2, aes, erms, clmul, bmi1, bmi2, adx, sha, fma, vzeroupper, clflush, clflushopt, clwb, hv
CPU Model and flags from /proc/cpuinfo:
model name	: Intel(R) Core(TM) i9-14900K
flags		: fpu vme de pse tsc msr pae mce cx8 apic sep mtrr pge mca cmov pat pse36 clflush mmx fxsr sse sse2 ss syscall nx pdpe1gb rdtscp lm constant_tsc rep_good nopl xtopology cpuid tsc_known_freq pni pclmulqdq vmx ssse3 fma cx16 pcid sse4_1 sse4_2 x2apic movbe popcnt tsc_deadline_timer aes xsave avx f16c rdrand hypervisor lahf_lm abm 3dnowprefetch cpuid_fault ssbd ibrs ibpb stibp ibrs_enhanced tpr_shadow flexpriority ept vpid ept_ad fsgsbase tsc_adjust bmi1 avx2 smep bmi2 erms invpcid rdseed adx smap clflushopt clwb sha_ni xsaveopt xsavec xgetbv1 xsaves avx_vnni arat vnmi umip pku ospke waitpkg gfni vaes vpclmulqdq rdpid movdiri movdir64b fsrm md_clear serialize flush_l1d arch_capabilities

Online cpus: 0-15
Offline cpus: 
BIOS frequency limitation: <Not Available>
Frequency switch latency (ns): <Not Available>
Available cpu frequencies: <Not Available>
Current governor: <Not Available>
Core performance/turbo boost: <Not Available>

Memory: 4k page, physical 8388608k(2403216k free), swap 125829116k(65705220k free)
Page Sizes: 4k

vm_info: OpenJDK 64-Bit Server VM (17.0.13+11-Ubuntu-2ubuntu122.04) for linux-amd64 JRE (17.0.13+11-Ubuntu-2ubuntu122.04), built on Oct 22 2024 06:38:45 by "buildd" with gcc 11.4.0

END.
